<?xml version="1.0" encoding="UTF-8"?>
<testsuite xmlns:xsi="http://www.w3.org/2001/XMLSchema-instance" xsi:schemaLocation="https://maven.apache.org/surefire/maven-surefire-plugin/xsd/surefire-test-report.xsd" name="com.typecode.jsonplaceholder.cucumbertests.testAPI.GetAPITestRunner" time="8.746" tests="18" errors="0" skipped="0" failures="0">
  <properties>
[...]
</properties>
  <testcase name="Validate that a user accessing incorrect information is handled &apos;Invalid service 1&apos;" classname="Automation Regression for JsonPlaceholder Get Posts API - Negative Functional UseCases" time="1.893"/>
  <testcase name="Validate that a user accessing incorrect information is handled &apos;Invalid service 2&apos;" classname="Automation Regression for JsonPlaceholder Get Posts API - Negative Functional UseCases" time="0.163"/>
  <testcase name="Validate that a user accessing incorrect information is handled &apos;invalid post id&apos;" classname="Automation Regression for JsonPlaceholder Get Posts API - Negative Functional UseCases" time="0.147"/>
  <testcase name="Validate that a user accessing incorrect information is handled &apos;invalid user id 1&apos;" classname="Automation Regression for JsonPlaceholder Get Posts API - Negative Functional UseCases" time="0.365"/>
  <testcase name="Validate that a user accessing incorrect information is handled &apos;invalid user id 2&apos;" classname="Automation Regression for JsonPlaceholder Get Posts API - Negative Functional UseCases" time="0.142"/>
  <testcase name="Validate that a user can have access to all the 100 posts when requested at once" classname="Automation Regression for JsonPlaceholder Get Posts API - Positive Functional UseCases" time="0.343"/>
  <testcase name="Validate that a user can see all the required fields in the posts with specific ids #1" classname="Automation Regression for JsonPlaceholder Get Posts API - Positive Functional UseCases" time="0.166"/>
  <testcase name="Validate that a user can see all the required fields in the posts with specific ids #2" classname="Automation Regression for JsonPlaceholder Get Posts API - Positive Functional UseCases" time="0.161"/>
  <testcase name="Validate that a user can see all the required fields in the posts with specific ids #3" classname="Automation Regression for JsonPlaceholder Get Posts API - Positive Functional UseCases" time="0.149"/>
  <testcase name="Validate that a user gets accurate information for all posts" classname="Automation Regression for JsonPlaceholder Get Posts API - Positive Functional UseCases" time="0.429"/>
  <testcase name="Validate that a user can have access to all the posts when requested without security certificate" classname="Automation Regression for JsonPlaceholder Get Posts API - Positive Functional UseCases" time="0.11"/>
  <testcase name="Validate that single user requests post with specific id" classname="Automation Regression for JsonPlaceholder Get Posts API - Positive Functional UseCases" time="0.133"/>
  <testcase name="Validate that single user request post with specific userid" classname="Automation Regression for JsonPlaceholder Get Posts API - Positive Functional UseCases" time="0.134"/>
  <testcase name="Validate that a user can have access to all the posts in shorter time span" classname="Automation Regression for JsonPlaceholder Get Posts API - NonFunctional Performance" time="0.132"/>
  <testcase name="Validate random posts access via multiple parallel hits #1" classname="Automation Regression for JsonPlaceholder Get Posts API - NonFunctional Performance" time="0.291"/>
  <testcase name="Validate random posts access via multiple parallel hits #2" classname="Automation Regression for JsonPlaceholder Get Posts API - NonFunctional Performance" time="0.689"/>
  <testcase name="Validate random posts access via multiple parallel hits #3" classname="Automation Regression for JsonPlaceholder Get Posts API - NonFunctional Performance" time="0.953"/>
  <testcase name="Validate random posts access via multiple parallel hits #4" classname="Automation Regression for JsonPlaceholder Get Posts API - NonFunctional Performance" time="1.76"/>
</testsuite>